<?xml version="1.0" encoding="UTF-8"?>
<testsuite name="home.AppTest" tests="1" skipped="0" failures="0" errors="0" timestamp="2024-06-25T20:56:18" hostname="emad" time="0.011">
  <properties/>
  <testcase name="appHasAGreeting()" classname="home.AppTest" time="0.011"/>
  <system-out><![CDATA[]]></system-out>
  <system-err><![CDATA[]]></system-err>
</testsuite>
